This file contains any messages produced by compilers while
running configure, to aid debugging if configure makes a mistake.

configure:556: checking for a BSD compatible install
configure:609: checking whether build environment is sane
configure:666: checking whether make sets ${MAKE}
configure:712: checking for working aclocal
configure:725: checking for working autoconf
configure:738: checking for working automake
configure:751: checking for working autoheader
configure:764: checking for working makeinfo
configure:784: checking for gcc
configure:897: checking whether the C compiler (gcc  ) works
configure:913: gcc -o conftest    conftest.c  1>&5
configure:939: checking whether the C compiler (gcc  ) is a cross-compiler
configure:944: checking whether we are using GNU C
configure:972: checking whether gcc accepts -g
configure:1023: checking for a BSD compatible install
configure:1076: checking whether make sets ${MAKE}
configure:1104: checking how to run the C preprocessor
configure:1184: checking for ANSI C header files
configure:1289: checking for smiInit in -lsmi
configure:1338: checking for smi.h
